INFO 2026-05-06 16:18:19,231 autoreload 13952 19528 Watching for file changes with StatReloader
INFO 2026-05-06 16:18:38,310 autoreload 13952 19528 E:\AICM\demo\p3\myproject\tcourse\views.py changed, reloading.
INFO 2026-05-06 16:18:39,279 autoreload 20880 21456 Watching for file changes with StatReloader
INFO 2026-05-06 16:18:51,868 autoreload 20880 21456 E:\AICM\demo\p3\myproject\tcourse\views.py changed, reloading.
INFO 2026-05-06 16:18:52,696 autoreload 21064 17540 Watching for file changes with StatReloader
INFO 2026-05-06 16:18:55,765 autoreload 21064 17540 E:\AICM\demo\p3\myproject\tcourse\views.py changed, reloading.
INFO 2026-05-06 16:18:56,716 autoreload 1680 19972 Watching for file changes with StatReloader
INFO 2026-05-06 16:18:59,768 autoreload 1680 19972 E:\AICM\demo\p3\myproject\tcourse\views.py changed, reloading.
INFO 2026-05-06 16:19:00,760 autoreload 12676 7856 Watching for file changes with StatReloader
INFO 2026-05-06 16:19:04,384 autoreload 12676 7856 E:\AICM\demo\p3\myproject\tcourse\views.py changed, reloading.
INFO 2026-05-06 16:19:05,511 autoreload 20608 18940 Watching for file changes with StatReloader
INFO 2026-05-06 16:19:12,125 log 20608 19068 "OPTIONS /tcourse/nav/ HTTP/1.1" 200 0
INFO 2026-05-06 16:19:12,125 log 20608 13320 "OPTIONS /tcourse/tags/ HTTP/1.1" 200 0
INFO 2026-05-06 16:19:12,126 log 20608 14788 "OPTIONS /tcourse/recate/?floor=undefined HTTP/1.1" 200 0
INFO 2026-05-06 16:19:12,126 log 20608 16532 "OPTIONS /tcourse/cate/ HTTP/1.1" 200 0
INFO 2026-05-06 16:19:12,133 log 20608 20020 "OPTIONS /tcourse/banner/ HTTP/1.1" 200 0
INFO 2026-05-06 16:19:12,136 log 20608 732 "OPTIONS /tcourse/recate/?floor=1 HTTP/1.1" 200 0
INFO 2026-05-06 16:19:12,137 log 20608 19068 "OPTIONS /tcourse/recate/?floor=2 HTTP/1.1" 200 0
INFO 2026-05-06 16:19:12,143 log 20608 14788 "OPTIONS /tcourse/courses/?category=undefined&floor=undefined HTTP/1.1" 200 0
INFO 2026-05-06 16:19:12,209 log 20608 16532 "GET /tcourse/nav/ HTTP/1.1" 200 190
INFO 2026-05-06 16:19:12,279 log 20608 732 "GET /tcourse/banner/ HTTP/1.1" 200 507
INFO 2026-05-06 16:19:12,282 log 20608 19068 "GET /tcourse/tags/ HTTP/1.1" 200 736
INFO 2026-05-06 16:19:12,387 log 20608 14788 "GET /tcourse/recate/?floor=1 HTTP/1.1" 200 280
INFO 2026-05-06 16:19:12,405 log 20608 16532 "GET /tcourse/recate/?floor=2 HTTP/1.1" 200 334
INFO 2026-05-06 16:19:12,422 log 20608 14788 "OPTIONS /tcourse/courses/?category=1&floor=1 HTTP/1.1" 200 0
INFO 2026-05-06 16:19:12,497 log 20608 13320 "GET /tcourse/cate/ HTTP/1.1" 200 577
ERROR 2026-05-06 16:19:12,520 log 20608 20020 Internal Server Error: /tcourse/recate/
Traceback (most recent call last):
  File "D:\software\pythono312\Lib\site-packages\django\db\models\fields\__init__.py", line 2128, in get_prep_value
    return int(value)
           ^^^^^^^^^^
ValueError: invalid literal for int() with base 10: 'undefined'

The above exception was the direct cause of the following exception:

Traceback (most recent call last):
  File "D:\software\pythono312\Lib\site-packages\django\core\handlers\exception.py", line 55, in inner
    response = get_response(request)
               ^^^^^^^^^^^^^^^^^^^^^
  File "D:\software\pythono312\Lib\site-packages\django\core\handlers\base.py", line 198, in _get_response
    response = wrapped_callback(request, *callback_args, **callback_kwargs)
               ^^^^^^^^^^^^^^^^^^^^^^^^^^^^^^^^^^^^^^^^^^^^^^^^^^^^^^^^^^^^
  File "D:\software\pythono312\Lib\site-packages\django\views\decorators\csrf.py", line 65, in _view_wrapper
    return view_func(request, *args, **kwargs)
           ^^^^^^^^^^^^^^^^^^^^^^^^^^^^^^^^^^^
  File "D:\software\pythono312\Lib\site-packages\django\views\generic\base.py", line 106, in view
    return self.dispatch(request, *args, **kwargs)
           ^^^^^^^^^^^^^^^^^^^^^^^^^^^^^^^^^^^^^^^
  File "D:\software\pythono312\Lib\site-packages\rest_framework\views.py", line 515, in dispatch
    response = self.handle_exception(exc)
               ^^^^^^^^^^^^^^^^^^^^^^^^^^
  File "D:\software\pythono312\Lib\site-packages\rest_framework\views.py", line 475, in handle_exception
    self.raise_uncaught_exception(exc)
  File "D:\software\pythono312\Lib\site-packages\rest_framework\views.py", line 486, in raise_uncaught_exception
    raise exc
  File "D:\software\pythono312\Lib\site-packages\rest_framework\views.py", line 512, in dispatch
    response = handler(request, *args, **kwargs)
               ^^^^^^^^^^^^^^^^^^^^^^^^^^^^^^^^^
  File "E:\AICM\demo\p3\myproject\tcourse\views.py", line 79, in get
    recate = Category.objects.filter(is_delete=False,is_recommend=True,level=1,floor=floor).all()
             ^^^^^^^^^^^^^^^^^^^^^^^^^^^^^^^^^^^^^^^^^^^^^^^^^^^^^^^^^^^^^^^^^^^^^^^^^^^^^^
  File "D:\software\pythono312\Lib\site-packages\django\db\models\manager.py", line 87, in manager_method
    return getattr(self.get_queryset(), name)(*args, **kwargs)
           ^^^^^^^^^^^^^^^^^^^^^^^^^^^^^^^^^^^^^^^^^^^^^^^^^^^
  File "D:\software\pythono312\Lib\site-packages\django\db\models\query.py", line 1542, in filter
    return self._filter_or_exclude(False, args, kwargs)
           ^^^^^^^^^^^^^^^^^^^^^^^^^^^^^^^^^^^^^^^^^^^^
  File "D:\software\pythono312\Lib\site-packages\django\db\models\query.py", line 1560, in _filter_or_exclude
    clone._filter_or_exclude_inplace(negate, args, kwargs)
  File "D:\software\pythono312\Lib\site-packages\django\db\models\query.py", line 1570, in _filter_or_exclude_inplace
    self._query.add_q(Q(*args, **kwargs))
  File "D:\software\pythono312\Lib\site-packages\django\db\models\sql\query.py", line 1676, in add_q
    clause, _ = self._add_q(q_object, can_reuse)
                ^^^^^^^^^^^^^^^^^^^^^^^^^^^^^^^^
  File "D:\software\pythono312\Lib\site-packages\django\db\models\sql\query.py", line 1708, in _add_q
    child_clause, needed_inner = self.build_filter(
                                 ^^^^^^^^^^^^^^^^^^
  File "D:\software\pythono312\Lib\site-packages\django\db\models\sql\query.py", line 1618, in build_filter
    condition = self.build_lookup(lookups, col, value)
                ^^^^^^^^^^^^^^^^^^^^^^^^^^^^^^^^^^^^^^
  File "D:\software\pythono312\Lib\site-packages\django\db\models\sql\query.py", line 1445, in build_lookup
    lookup = lookup_class(lhs, rhs)
             ^^^^^^^^^^^^^^^^^^^^^^
  File "D:\software\pythono312\Lib\site-packages\django\db\models\lookups.py", line 35, in __init__
    self.rhs = self.get_prep_lookup()
               ^^^^^^^^^^^^^^^^^^^^^^
  File "D:\software\pythono312\Lib\site-packages\django\db\models\lookups.py", line 391, in get_prep_lookup
    return super().get_prep_lookup()
           ^^^^^^^^^^^^^^^^^^^^^^^^^
  File "D:\software\pythono312\Lib\site-packages\django\db\models\lookups.py", line 93, in get_prep_lookup
    return self.lhs.output_field.get_prep_value(self.rhs)
           ^^^^^^^^^^^^^^^^^^^^^^^^^^^^^^^^^^^^^^^^^^^^^^
  File "D:\software\pythono312\Lib\site-packages\django\db\models\fields\__init__.py", line 2130, in get_prep_value
    raise e.__class__(
ValueError: Field 'floor' expected a number but got 'undefined'.
INFO 2026-05-06 16:19:12,586 log 20608 13320 "OPTIONS /tcourse/courses/?category=7&floor=2 HTTP/1.1" 200 0
ERROR 2026-05-06 16:19:12,662 log 20608 732 Internal Server Error: /tcourse/courses/
Traceback (most recent call last):
  File "D:\software\pythono312\Lib\site-packages\django\db\models\fields\__init__.py", line 2128, in get_prep_value
    return int(value)
           ^^^^^^^^^^
ValueError: invalid literal for int() with base 10: 'undefined'

The above exception was the direct cause of the following exception:

Traceback (most recent call last):
  File "D:\software\pythono312\Lib\site-packages\django\core\handlers\exception.py", line 55, in inner
    response = get_response(request)
               ^^^^^^^^^^^^^^^^^^^^^
  File "D:\software\pythono312\Lib\site-packages\django\core\handlers\base.py", line 198, in _get_response
    response = wrapped_callback(request, *callback_args, **callback_kwargs)
               ^^^^^^^^^^^^^^^^^^^^^^^^^^^^^^^^^^^^^^^^^^^^^^^^^^^^^^^^^^^^
  File "D:\software\pythono312\Lib\site-packages\django\views\decorators\csrf.py", line 65, in _view_wrapper
    return view_func(request, *args, **kwargs)
           ^^^^^^^^^^^^^^^^^^^^^^^^^^^^^^^^^^^
  File "D:\software\pythono312\Lib\site-packages\django\views\generic\base.py", line 106, in view
    return self.dispatch(request, *args, **kwargs)
           ^^^^^^^^^^^^^^^^^^^^^^^^^^^^^^^^^^^^^^^
  File "D:\software\pythono312\Lib\site-packages\rest_framework\views.py", line 515, in dispatch
    response = self.handle_exception(exc)
               ^^^^^^^^^^^^^^^^^^^^^^^^^^
  File "D:\software\pythono312\Lib\site-packages\rest_framework\views.py", line 475, in handle_exception
    self.raise_uncaught_exception(exc)
  File "D:\software\pythono312\Lib\site-packages\rest_framework\views.py", line 486, in raise_uncaught_exception
    raise exc
  File "D:\software\pythono312\Lib\site-packages\rest_framework\views.py", line 512, in dispatch
    response = handler(request, *args, **kwargs)
               ^^^^^^^^^^^^^^^^^^^^^^^^^^^^^^^^^
  File "E:\AICM\demo\p3\myproject\tcourse\views.py", line 90, in get
    courses = Courses.objects.filter(is_delete=False,is_recommend=True,floor=floor,top_category=category).all()
              ^^^^^^^^^^^^^^^^^^^^^^^^^^^^^^^^^^^^^^^^^^^^^^^^^^^^^^^^^^^^^^^^^^^^^^^^^^^^^^^^^^^^^^^^^^^
  File "D:\software\pythono312\Lib\site-packages\django\db\models\manager.py", line 87, in manager_method
    return getattr(self.get_queryset(), name)(*args, **kwargs)
           ^^^^^^^^^^^^^^^^^^^^^^^^^^^^^^^^^^^^^^^^^^^^^^^^^^^
  File "D:\software\pythono312\Lib\site-packages\django\db\models\query.py", line 1542, in filter
    return self._filter_or_exclude(False, args, kwargs)
           ^^^^^^^^^^^^^^^^^^^^^^^^^^^^^^^^^^^^^^^^^^^^
  File "D:\software\pythono312\Lib\site-packages\django\db\models\query.py", line 1560, in _filter_or_exclude
    clone._filter_or_exclude_inplace(negate, args, kwargs)
  File "D:\software\pythono312\Lib\site-packages\django\db\models\query.py", line 1570, in _filter_or_exclude_inplace
    self._query.add_q(Q(*args, **kwargs))
  File "D:\software\pythono312\Lib\site-packages\django\db\models\sql\query.py", line 1676, in add_q
    clause, _ = self._add_q(q_object, can_reuse)
                ^^^^^^^^^^^^^^^^^^^^^^^^^^^^^^^^
  File "D:\software\pythono312\Lib\site-packages\django\db\models\sql\query.py", line 1708, in _add_q
    child_clause, needed_inner = self.build_filter(
                                 ^^^^^^^^^^^^^^^^^^
  File "D:\software\pythono312\Lib\site-packages\django\db\models\sql\query.py", line 1618, in build_filter
    condition = self.build_lookup(lookups, col, value)
                ^^^^^^^^^^^^^^^^^^^^^^^^^^^^^^^^^^^^^^
  File "D:\software\pythono312\Lib\site-packages\django\db\models\sql\query.py", line 1445, in build_lookup
    lookup = lookup_class(lhs, rhs)
             ^^^^^^^^^^^^^^^^^^^^^^
  File "D:\software\pythono312\Lib\site-packages\django\db\models\lookups.py", line 35, in __init__
    self.rhs = self.get_prep_lookup()
               ^^^^^^^^^^^^^^^^^^^^^^
  File "D:\software\pythono312\Lib\site-packages\django\db\models\lookups.py", line 391, in get_prep_lookup
    return super().get_prep_lookup()
           ^^^^^^^^^^^^^^^^^^^^^^^^^
  File "D:\software\pythono312\Lib\site-packages\django\db\models\lookups.py", line 93, in get_prep_lookup
    return self.lhs.output_field.get_prep_value(self.rhs)
           ^^^^^^^^^^^^^^^^^^^^^^^^^^^^^^^^^^^^^^^^^^^^^^
  File "D:\software\pythono312\Lib\site-packages\django\db\models\fields\__init__.py", line 2130, in get_prep_value
    raise e.__class__(
ValueError: Field 'floor' expected a number but got 'undefined'.
INFO 2026-05-06 16:19:12,663 log 20608 14788 "GET /tcourse/courses/?category=1&floor=1 HTTP/1.1" 200 1211
ERROR 2026-05-06 16:19:12,677 log 20608 20020 "GET /tcourse/recate/?floor=undefined HTTP/1.1" 500 22807
INFO 2026-05-06 16:19:12,718 log 20608 13320 "GET /tcourse/courses/?category=7&floor=2 HTTP/1.1" 200 870
ERROR 2026-05-06 16:19:12,813 log 20608 732 "GET /tcourse/courses/?category=undefined&floor=undefined HTTP/1.1" 500 22898
INFO 2026-05-06 16:19:12,881 log 20608 19096 "GET /upload/upload/tag/43%E5%B0%81%E9%9D%A2%E5%9B%BE.jpg HTTP/1.1" 304 0
INFO 2026-05-06 16:19:12,895 log 20608 20172 "GET /upload/upload/tag/toutiao%E5%A4%B4%E5%83%8F.png HTTP/1.1" 304 0
INFO 2026-05-06 16:19:12,914 log 20608 8676 "GET /upload/upload/course/88.png HTTP/1.1" 304 0
INFO 2026-05-06 16:19:12,919 log 20608 19096 "GET /upload/upload/course/22.png HTTP/1.1" 304 0
INFO 2026-05-06 16:19:12,971 log 20608 20172 "GET /upload/upload/course/33_C0lHZ9u.png HTTP/1.1" 304 0
INFO 2026-05-06 16:19:12,992 log 20608 8676 "GET /upload/upload/course/77.png HTTP/1.1" 304 0
ERROR 2026-05-06 16:19:13,040 log 20608 14788 Internal Server Error: /tcourse/recate/
Traceback (most recent call last):
  File "D:\software\pythono312\Lib\site-packages\django\db\models\fields\__init__.py", line 2128, in get_prep_value
    return int(value)
           ^^^^^^^^^^
ValueError: invalid literal for int() with base 10: 'undefined'

The above exception was the direct cause of the following exception:

Traceback (most recent call last):
  File "D:\software\pythono312\Lib\site-packages\django\core\handlers\exception.py", line 55, in inner
    response = get_response(request)
               ^^^^^^^^^^^^^^^^^^^^^
  File "D:\software\pythono312\Lib\site-packages\django\core\handlers\base.py", line 198, in _get_response
    response = wrapped_callback(request, *callback_args, **callback_kwargs)
               ^^^^^^^^^^^^^^^^^^^^^^^^^^^^^^^^^^^^^^^^^^^^^^^^^^^^^^^^^^^^
  File "D:\software\pythono312\Lib\site-packages\django\views\decorators\csrf.py", line 65, in _view_wrapper
    return view_func(request, *args, **kwargs)
           ^^^^^^^^^^^^^^^^^^^^^^^^^^^^^^^^^^^
  File "D:\software\pythono312\Lib\site-packages\django\views\generic\base.py", line 106, in view
    return self.dispatch(request, *args, **kwargs)
           ^^^^^^^^^^^^^^^^^^^^^^^^^^^^^^^^^^^^^^^
  File "D:\software\pythono312\Lib\site-packages\rest_framework\views.py", line 515, in dispatch
    response = self.handle_exception(exc)
               ^^^^^^^^^^^^^^^^^^^^^^^^^^
  File "D:\software\pythono312\Lib\site-packages\rest_framework\views.py", line 475, in handle_exception
    self.raise_uncaught_exception(exc)
  File "D:\software\pythono312\Lib\site-packages\rest_framework\views.py", line 486, in raise_uncaught_exception
    raise exc
  File "D:\software\pythono312\Lib\site-packages\rest_framework\views.py", line 512, in dispatch
    response = handler(request, *args, **kwargs)
               ^^^^^^^^^^^^^^^^^^^^^^^^^^^^^^^^^
  File "E:\AICM\demo\p3\myproject\tcourse\views.py", line 79, in get
    recate = Category.objects.filter(is_delete=False,is_recommend=True,level=1,floor=floor).all()
             ^^^^^^^^^^^^^^^^^^^^^^^^^^^^^^^^^^^^^^^^^^^^^^^^^^^^^^^^^^^^^^^^^^^^^^^^^^^^^^
  File "D:\software\pythono312\Lib\site-packages\django\db\models\manager.py", line 87, in manager_method
    return getattr(self.get_queryset(), name)(*args, **kwargs)
           ^^^^^^^^^^^^^^^^^^^^^^^^^^^^^^^^^^^^^^^^^^^^^^^^^^^
  File "D:\software\pythono312\Lib\site-packages\django\db\models\query.py", line 1542, in filter
    return self._filter_or_exclude(False, args, kwargs)
           ^^^^^^^^^^^^^^^^^^^^^^^^^^^^^^^^^^^^^^^^^^^^
  File "D:\software\pythono312\Lib\site-packages\django\db\models\query.py", line 1560, in _filter_or_exclude
    clone._filter_or_exclude_inplace(negate, args, kwargs)
  File "D:\software\pythono312\Lib\site-packages\django\db\models\query.py", line 1570, in _filter_or_exclude_inplace
    self._query.add_q(Q(*args, **kwargs))
  File "D:\software\pythono312\Lib\site-packages\django\db\models\sql\query.py", line 1676, in add_q
    clause, _ = self._add_q(q_object, can_reuse)
                ^^^^^^^^^^^^^^^^^^^^^^^^^^^^^^^^
  File "D:\software\pythono312\Lib\site-packages\django\db\models\sql\query.py", line 1708, in _add_q
    child_clause, needed_inner = self.build_filter(
                                 ^^^^^^^^^^^^^^^^^^
  File "D:\software\pythono312\Lib\site-packages\django\db\models\sql\query.py", line 1618, in build_filter
    condition = self.build_lookup(lookups, col, value)
                ^^^^^^^^^^^^^^^^^^^^^^^^^^^^^^^^^^^^^^
  File "D:\software\pythono312\Lib\site-packages\django\db\models\sql\query.py", line 1445, in build_lookup
    lookup = lookup_class(lhs, rhs)
             ^^^^^^^^^^^^^^^^^^^^^^
  File "D:\software\pythono312\Lib\site-packages\django\db\models\lookups.py", line 35, in __init__
    self.rhs = self.get_prep_lookup()
               ^^^^^^^^^^^^^^^^^^^^^^
  File "D:\software\pythono312\Lib\site-packages\django\db\models\lookups.py", line 391, in get_prep_lookup
    return super().get_prep_lookup()
           ^^^^^^^^^^^^^^^^^^^^^^^^^
  File "D:\software\pythono312\Lib\site-packages\django\db\models\lookups.py", line 93, in get_prep_lookup
    return self.lhs.output_field.get_prep_value(self.rhs)
           ^^^^^^^^^^^^^^^^^^^^^^^^^^^^^^^^^^^^^^^^^^^^^^
  File "D:\software\pythono312\Lib\site-packages\django\db\models\fields\__init__.py", line 2130, in get_prep_value
    raise e.__class__(
ValueError: Field 'floor' expected a number but got 'undefined'.
INFO 2026-05-06 16:19:13,055 log 20608 13484 "GET /upload/upload/tag/%E5%A4%B4%E5%83%8F.png HTTP/1.1" 200 467213
INFO 2026-05-06 16:19:13,065 log 20608 18544 "GET /upload/upload/tag/%E7%A1%85%E8%B0%B7%E5%AE%9E%E4%B9%A0%E7%94%9F.JPG HTTP/1.1" 200 606903
INFO 2026-05-06 16:19:13,104 log 20608 19096 "GET /upload/upload/banner/%E5%B0%81%E9%9D%A2%E5%9B%BE.jpg HTTP/1.1" 304 0
INFO 2026-05-06 16:19:13,118 log 20608 20172 "GET /upload/upload/banner/%E6%95%99%E8%82%B2%E5%AD%A6%E5%8E%9F%E7%90%86-AI%E6%95%99%E8%82%B2%E6%8B%86%E4%B9%A6%E7%A8%BF.jpg HTTP/1.1" 304 0
INFO 2026-05-06 16:19:13,131 log 20608 20108 "GET /upload/upload/tag/%E8%AF%BE%E7%A8%8B%E5%9B%BE.png HTTP/1.1" 200 695813
ERROR 2026-05-06 16:19:13,237 log 20608 14788 "GET /tcourse/recate/?floor=undefined HTTP/1.1" 500 22807
INFO 2026-05-06 16:19:13,248 log 20608 18544 "GET /upload/upload/banner/%E8%BF%88%E4%B8%8AAI%E5%A4%A7%E9%81%93.jpg HTTP/1.1" 304 0
INFO 2026-05-06 16:19:13,264 log 20608 19096 "GET /upload/upload/course/22_yL6WNRi.png HTTP/1.1" 304 0
INFO 2026-05-06 16:19:13,276 log 20608 20108 "GET /upload/upload/banner/%E5%8C%96%E7%B9%81%E4%B8%BA%E7%AE%80.jpg HTTP/1.1" 304 0
INFO 2026-05-06 16:19:13,279 log 20608 20172 "GET /upload/upload/course/66_Df2ervh.png HTTP/1.1" 304 0
INFO 2026-05-06 16:19:13,308 log 20608 18544 "GET /upload/upload/course/33_TXD8PvT.png HTTP/1.1" 304 0
INFO 2026-05-06 16:19:16,813 log 20608 732 "OPTIONS /tcourse/detail/1 HTTP/1.1" 200 0
INFO 2026-05-06 16:19:16,819 log 20608 14788 "GET /tcourse/nav/ HTTP/1.1" 200 190
INFO 2026-05-06 16:19:16,880 log 20608 732 "GET /tcourse/detail/1 HTTP/1.1" 200 853
INFO 2026-05-06 16:19:16,966 log 20608 18544 "GET /upload/upload/teacher/2.png HTTP/1.1" 200 284576
INFO 2026-05-06 16:19:20,141 log 20608 732 "OPTIONS /tcourse/cart/ HTTP/1.1" 200 0
INFO 2026-05-06 16:19:20,146 log 20608 732 "POST /tcourse/cart/ HTTP/1.1" 200 26
INFO 2026-05-06 16:19:32,136 log 20608 732 "POST /tcourse/cart/ HTTP/1.1" 200 26
INFO 2026-05-06 16:20:31,489 autoreload 20608 18940 E:\AICM\demo\p3\myproject\tcourse\views.py changed, reloading.
INFO 2026-05-06 16:20:32,729 autoreload 18160 20604 Watching for file changes with StatReloader
INFO 2026-05-06 16:20:40,784 autoreload 18160 20604 E:\AICM\demo\p3\myproject\tcourse\views.py changed, reloading.
INFO 2026-05-06 16:20:41,833 autoreload 17748 19480 Watching for file changes with StatReloader
INFO 2026-05-06 16:20:47,884 log 17748 20872 "GET /tcourse/nav/ HTTP/1.1" 200 190
INFO 2026-05-06 16:20:47,916 log 17748 20424 "GET /tcourse/detail/1 HTTP/1.1" 200 853
INFO 2026-05-06 16:20:57,886 log 17748 20424 "POST /tcourse/cart/ HTTP/1.1" 200 26
INFO 2026-05-06 16:21:22,320 autoreload 17748 19480 E:\AICM\demo\p3\myproject\tcourse\views.py changed, reloading.
INFO 2026-05-06 16:21:23,541 autoreload 18360 20408 Watching for file changes with StatReloader
INFO 2026-05-06 16:21:44,116 log 18360 13112 "GET /tcourse/nav/ HTTP/1.1" 200 190
INFO 2026-05-06 16:21:44,136 log 18360 8404 "GET /tcourse/detail/1 HTTP/1.1" 200 853
INFO 2026-05-06 16:21:46,149 log 18360 8404 "POST /tcourse/cart/ HTTP/1.1" 200 26
INFO 2026-05-06 16:22:54,393 log 18360 8404 "GET /tcourse/nav/ HTTP/1.1" 200 190
INFO 2026-05-06 16:22:54,408 log 18360 13112 "GET /tcourse/detail/1 HTTP/1.1" 200 853
INFO 2026-05-06 16:26:33,720 log 18360 13112 "POST /tcourse/cart/ HTTP/1.1" 200 42
INFO 2026-05-06 16:26:45,439 log 18360 13112 "GET /tcourse/nav/ HTTP/1.1" 200 190
INFO 2026-05-06 16:26:45,460 log 18360 8404 "GET /tcourse/detail/1 HTTP/1.1" 200 853
INFO 2026-05-06 16:26:55,784 log 18360 8404 "OPTIONS /tcourse/detail/2 HTTP/1.1" 200 0
INFO 2026-05-06 16:26:55,823 log 18360 13112 "GET /tcourse/nav/ HTTP/1.1" 200 190
INFO 2026-05-06 16:26:55,838 log 18360 8404 "GET /tcourse/detail/2 HTTP/1.1" 200 618
INFO 2026-05-06 16:26:56,306 log 18360 12792 "GET /upload/upload/teacher/1.png HTTP/1.1" 200 253706
INFO 2026-05-06 16:26:56,311 log 18360 16564 "GET /upload/upload/course/33.png HTTP/1.1" 200 36113
INFO 2026-05-06 16:26:58,502 log 18360 8404 "POST /tcourse/cart/ HTTP/1.1" 200 42
INFO 2026-05-06 16:27:22,356 log 18360 8404 "OPTIONS /tcourse/detail/cart HTTP/1.1" 200 0
INFO 2026-05-06 16:27:22,378 log 18360 13112 "GET /tcourse/nav/ HTTP/1.1" 200 190
WARNING 2026-05-06 16:27:22,411 log 18360 8404 Not Found: /tcourse/detail/cart
WARNING 2026-05-06 16:27:22,422 log 18360 8404 "GET /tcourse/detail/cart HTTP/1.1" 404 8145
INFO 2026-05-06 16:27:48,647 log 18360 8404 "GET /tcourse/nav/ HTTP/1.1" 200 190
INFO 2026-05-06 16:27:52,145 log 18360 8404 "GET /tcourse/nav/ HTTP/1.1" 200 190
INFO 2026-05-06 16:28:40,232 autoreload 18360 20408 E:\AICM\demo\p3\myproject\tcourse\views.py changed, reloading.
INFO 2026-05-06 16:28:41,687 autoreload 17348 5484 Watching for file changes with StatReloader
INFO 2026-05-06 16:29:26,639 log 17348 13656 "GET /tcourse/nav/ HTTP/1.1" 200 190
INFO 2026-05-06 16:29:29,689 log 17348 13656 "GET /tcourse/nav/ HTTP/1.1" 200 190
INFO 2026-05-06 16:37:23,133 log 17348 20396 "POST /tcourse/cart/ HTTP/1.1" 200 45
INFO 2026-05-06 16:39:36,610 log 17348 20396 "GET /tcourse/nav/ HTTP/1.1" 200 190
ERROR 2026-05-06 16:39:36,879 log 17348 20396 Internal Server Error: /tcourse/recate/
Traceback (most recent call last):
  File "D:\software\pythono312\Lib\site-packages\django\db\models\fields\__init__.py", line 2128, in get_prep_value
    return int(value)
           ^^^^^^^^^^
ValueError: invalid literal for int() with base 10: 'undefined'

The above exception was the direct cause of the following exception:

Traceback (most recent call last):
  File "D:\software\pythono312\Lib\site-packages\django\core\handlers\exception.py", line 55, in inner
    response = get_response(request)
               ^^^^^^^^^^^^^^^^^^^^^
  File "D:\software\pythono312\Lib\site-packages\django\core\handlers\base.py", line 198, in _get_response
    response = wrapped_callback(request, *callback_args, **callback_kwargs)
               ^^^^^^^^^^^^^^^^^^^^^^^^^^^^^^^^^^^^^^^^^^^^^^^^^^^^^^^^^^^^
  File "D:\software\pythono312\Lib\site-packages\django\views\decorators\csrf.py", line 65, in _view_wrapper
    return view_func(request, *args, **kwargs)
           ^^^^^^^^^^^^^^^^^^^^^^^^^^^^^^^^^^^
  File "D:\software\pythono312\Lib\site-packages\django\views\generic\base.py", line 106, in view
    return self.dispatch(request, *args, **kwargs)
           ^^^^^^^^^^^^^^^^^^^^^^^^^^^^^^^^^^^^^^^
  File "D:\software\pythono312\Lib\site-packages\rest_framework\views.py", line 515, in dispatch
    response = self.handle_exception(exc)
               ^^^^^^^^^^^^^^^^^^^^^^^^^^
  File "D:\software\pythono312\Lib\site-packages\rest_framework\views.py", line 475, in handle_exception
    self.raise_uncaught_exception(exc)
  File "D:\software\pythono312\Lib\site-packages\rest_framework\views.py", line 486, in raise_uncaught_exception
    raise exc
  File "D:\software\pythono312\Lib\site-packages\rest_framework\views.py", line 512, in dispatch
    response = handler(request, *args, **kwargs)
               ^^^^^^^^^^^^^^^^^^^^^^^^^^^^^^^^^
  File "E:\AICM\demo\p3\myproject\tcourse\views.py", line 79, in get
    recate = Category.objects.filter(is_delete=False,is_recommend=True,level=1,floor=floor).all()
             ^^^^^^^^^^^^^^^^^^^^^^^^^^^^^^^^^^^^^^^^^^^^^^^^^^^^^^^^^^^^^^^^^^^^^^^^^^^^^^
  File "D:\software\pythono312\Lib\site-packages\django\db\models\manager.py", line 87, in manager_method
    return getattr(self.get_queryset(), name)(*args, **kwargs)
           ^^^^^^^^^^^^^^^^^^^^^^^^^^^^^^^^^^^^^^^^^^^^^^^^^^^
  File "D:\software\pythono312\Lib\site-packages\django\db\models\query.py", line 1542, in filter
    return self._filter_or_exclude(False, args, kwargs)
           ^^^^^^^^^^^^^^^^^^^^^^^^^^^^^^^^^^^^^^^^^^^^
  File "D:\software\pythono312\Lib\site-packages\django\db\models\query.py", line 1560, in _filter_or_exclude
    clone._filter_or_exclude_inplace(negate, args, kwargs)
  File "D:\software\pythono312\Lib\site-packages\django\db\models\query.py", line 1570, in _filter_or_exclude_inplace
    self._query.add_q(Q(*args, **kwargs))
  File "D:\software\pythono312\Lib\site-packages\django\db\models\sql\query.py", line 1676, in add_q
    clause, _ = self._add_q(q_object, can_reuse)
                ^^^^^^^^^^^^^^^^^^^^^^^^^^^^^^^^
  File "D:\software\pythono312\Lib\site-packages\django\db\models\sql\query.py", line 1708, in _add_q
    child_clause, needed_inner = self.build_filter(
                                 ^^^^^^^^^^^^^^^^^^
  File "D:\software\pythono312\Lib\site-packages\django\db\models\sql\query.py", line 1618, in build_filter
    condition = self.build_lookup(lookups, col, value)
                ^^^^^^^^^^^^^^^^^^^^^^^^^^^^^^^^^^^^^^
  File "D:\software\pythono312\Lib\site-packages\django\db\models\sql\query.py", line 1445, in build_lookup
    lookup = lookup_class(lhs, rhs)
             ^^^^^^^^^^^^^^^^^^^^^^
  File "D:\software\pythono312\Lib\site-packages\django\db\models\lookups.py", line 35, in __init__
    self.rhs = self.get_prep_lookup()
               ^^^^^^^^^^^^^^^^^^^^^^
  File "D:\software\pythono312\Lib\site-packages\django\db\models\lookups.py", line 391, in get_prep_lookup
    return super().get_prep_lookup()
           ^^^^^^^^^^^^^^^^^^^^^^^^^
  File "D:\software\pythono312\Lib\site-packages\django\db\models\lookups.py", line 93, in get_prep_lookup
    return self.lhs.output_field.get_prep_value(self.rhs)
           ^^^^^^^^^^^^^^^^^^^^^^^^^^^^^^^^^^^^^^^^^^^^^^
  File "D:\software\pythono312\Lib\site-packages\django\db\models\fields\__init__.py", line 2130, in get_prep_value
    raise e.__class__(
ValueError: Field 'floor' expected a number but got 'undefined'.
INFO 2026-05-06 16:39:37,000 log 17348 6000 "GET /tcourse/tags/ HTTP/1.1" 200 736
INFO 2026-05-06 16:39:37,007 log 17348 17504 "GET /tcourse/banner/ HTTP/1.1" 200 507
INFO 2026-05-06 16:39:37,066 log 17348 5072 "GET /tcourse/recate/?floor=2 HTTP/1.1" 200 334
INFO 2026-05-06 16:39:37,079 log 17348 5644 "GET /tcourse/recate/?floor=1 HTTP/1.1" 200 280
INFO 2026-05-06 16:39:37,094 log 17348 12864 "GET /tcourse/cate/ HTTP/1.1" 200 577
ERROR 2026-05-06 16:39:37,227 log 17348 20396 "GET /tcourse/recate/?floor=undefined HTTP/1.1" 500 22807
INFO 2026-05-06 16:39:37,359 log 17348 5644 "GET /tcourse/courses/?category=7&floor=2 HTTP/1.1" 200 870
ERROR 2026-05-06 16:39:37,478 log 17348 6000 Internal Server Error: /tcourse/courses/
Traceback (most recent call last):
  File "D:\software\pythono312\Lib\site-packages\django\db\models\fields\__init__.py", line 2128, in get_prep_value
    return int(value)
           ^^^^^^^^^^
ValueError: invalid literal for int() with base 10: 'undefined'

The above exception was the direct cause of the following exception:

Traceback (most recent call last):
  File "D:\software\pythono312\Lib\site-packages\django\core\handlers\exception.py", line 55, in inner
    response = get_response(request)
               ^^^^^^^^^^^^^^^^^^^^^
  File "D:\software\pythono312\Lib\site-packages\django\core\handlers\base.py", line 198, in _get_response
    response = wrapped_callback(request, *callback_args, **callback_kwargs)
               ^^^^^^^^^^^^^^^^^^^^^^^^^^^^^^^^^^^^^^^^^^^^^^^^^^^^^^^^^^^^
  File "D:\software\pythono312\Lib\site-packages\django\views\decorators\csrf.py", line 65, in _view_wrapper
    return view_func(request, *args, **kwargs)
           ^^^^^^^^^^^^^^^^^^^^^^^^^^^^^^^^^^^
  File "D:\software\pythono312\Lib\site-packages\django\views\generic\base.py", line 106, in view
    return self.dispatch(request, *args, **kwargs)
           ^^^^^^^^^^^^^^^^^^^^^^^^^^^^^^^^^^^^^^^
  File "D:\software\pythono312\Lib\site-packages\rest_framework\views.py", line 515, in dispatch
    response = self.handle_exception(exc)
               ^^^^^^^^^^^^^^^^^^^^^^^^^^
  File "D:\software\pythono312\Lib\site-packages\rest_framework\views.py", line 475, in handle_exception
    self.raise_uncaught_exception(exc)
  File "D:\software\pythono312\Lib\site-packages\rest_framework\views.py", line 486, in raise_uncaught_exception
    raise exc
  File "D:\software\pythono312\Lib\site-packages\rest_framework\views.py", line 512, in dispatch
    response = handler(request, *args, **kwargs)
               ^^^^^^^^^^^^^^^^^^^^^^^^^^^^^^^^^
  File "E:\AICM\demo\p3\myproject\tcourse\views.py", line 90, in get
    courses = Courses.objects.filter(is_delete=False,is_recommend=True,floor=floor,top_category=category).all()
              ^^^^^^^^^^^^^^^^^^^^^^^^^^^^^^^^^^^^^^^^^^^^^^^^^^^^^^^^^^^^^^^^^^^^^^^^^^^^^^^^^^^^^^^^^^^
  File "D:\software\pythono312\Lib\site-packages\django\db\models\manager.py", line 87, in manager_method
    return getattr(self.get_queryset(), name)(*args, **kwargs)
           ^^^^^^^^^^^^^^^^^^^^^^^^^^^^^^^^^^^^^^^^^^^^^^^^^^^
  File "D:\software\pythono312\Lib\site-packages\django\db\models\query.py", line 1542, in filter
    return self._filter_or_exclude(False, args, kwargs)
           ^^^^^^^^^^^^^^^^^^^^^^^^^^^^^^^^^^^^^^^^^^^^
  File "D:\software\pythono312\Lib\site-packages\django\db\models\query.py", line 1560, in _filter_or_exclude
    clone._filter_or_exclude_inplace(negate, args, kwargs)
  File "D:\software\pythono312\Lib\site-packages\django\db\models\query.py", line 1570, in _filter_or_exclude_inplace
    self._query.add_q(Q(*args, **kwargs))
  File "D:\software\pythono312\Lib\site-packages\django\db\models\sql\query.py", line 1676, in add_q
    clause, _ = self._add_q(q_object, can_reuse)
                ^^^^^^^^^^^^^^^^^^^^^^^^^^^^^^^^
  File "D:\software\pythono312\Lib\site-packages\django\db\models\sql\query.py", line 1708, in _add_q
    child_clause, needed_inner = self.build_filter(
                                 ^^^^^^^^^^^^^^^^^^
  File "D:\software\pythono312\Lib\site-packages\django\db\models\sql\query.py", line 1618, in build_filter
    condition = self.build_lookup(lookups, col, value)
                ^^^^^^^^^^^^^^^^^^^^^^^^^^^^^^^^^^^^^^
  File "D:\software\pythono312\Lib\site-packages\django\db\models\sql\query.py", line 1445, in build_lookup
    lookup = lookup_class(lhs, rhs)
             ^^^^^^^^^^^^^^^^^^^^^^
  File "D:\software\pythono312\Lib\site-packages\django\db\models\lookups.py", line 35, in __init__
    self.rhs = self.get_prep_lookup()
               ^^^^^^^^^^^^^^^^^^^^^^
  File "D:\software\pythono312\Lib\site-packages\django\db\models\lookups.py", line 391, in get_prep_lookup
    return super().get_prep_lookup()
           ^^^^^^^^^^^^^^^^^^^^^^^^^
  File "D:\software\pythono312\Lib\site-packages\django\db\models\lookups.py", line 93, in get_prep_lookup
    return self.lhs.output_field.get_prep_value(self.rhs)
           ^^^^^^^^^^^^^^^^^^^^^^^^^^^^^^^^^^^^^^^^^^^^^^
  File "D:\software\pythono312\Lib\site-packages\django\db\models\fields\__init__.py", line 2130, in get_prep_value
    raise e.__class__(
ValueError: Field 'floor' expected a number but got 'undefined'.
INFO 2026-05-06 16:39:37,491 log 17348 20396 "GET /tcourse/courses/?category=1&floor=1 HTTP/1.1" 200 1211
ERROR 2026-05-06 16:39:37,733 log 17348 6000 "GET /tcourse/courses/?category=undefined&floor=undefined HTTP/1.1" 500 22898
ERROR 2026-05-06 16:39:37,737 log 17348 12864 Internal Server Error: /tcourse/recate/
Traceback (most recent call last):
  File "D:\software\pythono312\Lib\site-packages\django\db\models\fields\__init__.py", line 2128, in get_prep_value
    return int(value)
           ^^^^^^^^^^
ValueError: invalid literal for int() with base 10: 'undefined'

The above exception was the direct cause of the following exception:

Traceback (most recent call last):
  File "D:\software\pythono312\Lib\site-packages\django\core\handlers\exception.py", line 55, in inner
    response = get_response(request)
               ^^^^^^^^^^^^^^^^^^^^^
  File "D:\software\pythono312\Lib\site-packages\django\core\handlers\base.py", line 198, in _get_response
    response = wrapped_callback(request, *callback_args, **callback_kwargs)
               ^^^^^^^^^^^^^^^^^^^^^^^^^^^^^^^^^^^^^^^^^^^^^^^^^^^^^^^^^^^^
  File "D:\software\pythono312\Lib\site-packages\django\views\decorators\csrf.py", line 65, in _view_wrapper
    return view_func(request, *args, **kwargs)
           ^^^^^^^^^^^^^^^^^^^^^^^^^^^^^^^^^^^
  File "D:\software\pythono312\Lib\site-packages\django\views\generic\base.py", line 106, in view
    return self.dispatch(request, *args, **kwargs)
           ^^^^^^^^^^^^^^^^^^^^^^^^^^^^^^^^^^^^^^^
  File "D:\software\pythono312\Lib\site-packages\rest_framework\views.py", line 515, in dispatch
    response = self.handle_exception(exc)
               ^^^^^^^^^^^^^^^^^^^^^^^^^^
  File "D:\software\pythono312\Lib\site-packages\rest_framework\views.py", line 475, in handle_exception
    self.raise_uncaught_exception(exc)
  File "D:\software\pythono312\Lib\site-packages\rest_framework\views.py", line 486, in raise_uncaught_exception
    raise exc
  File "D:\software\pythono312\Lib\site-packages\rest_framework\views.py", line 512, in dispatch
    response = handler(request, *args, **kwargs)
               ^^^^^^^^^^^^^^^^^^^^^^^^^^^^^^^^^
  File "E:\AICM\demo\p3\myproject\tcourse\views.py", line 79, in get
    recate = Category.objects.filter(is_delete=False,is_recommend=True,level=1,floor=floor).all()
             ^^^^^^^^^^^^^^^^^^^^^^^^^^^^^^^^^^^^^^^^^^^^^^^^^^^^^^^^^^^^^^^^^^^^^^^^^^^^^^
  File "D:\software\pythono312\Lib\site-packages\django\db\models\manager.py", line 87, in manager_method
    return getattr(self.get_queryset(), name)(*args, **kwargs)
           ^^^^^^^^^^^^^^^^^^^^^^^^^^^^^^^^^^^^^^^^^^^^^^^^^^^
  File "D:\software\pythono312\Lib\site-packages\django\db\models\query.py", line 1542, in filter
    return self._filter_or_exclude(False, args, kwargs)
           ^^^^^^^^^^^^^^^^^^^^^^^^^^^^^^^^^^^^^^^^^^^^
  File "D:\software\pythono312\Lib\site-packages\django\db\models\query.py", line 1560, in _filter_or_exclude
    clone._filter_or_exclude_inplace(negate, args, kwargs)
  File "D:\software\pythono312\Lib\site-packages\django\db\models\query.py", line 1570, in _filter_or_exclude_inplace
    self._query.add_q(Q(*args, **kwargs))
  File "D:\software\pythono312\Lib\site-packages\django\db\models\sql\query.py", line 1676, in add_q
    clause, _ = self._add_q(q_object, can_reuse)
                ^^^^^^^^^^^^^^^^^^^^^^^^^^^^^^^^
  File "D:\software\pythono312\Lib\site-packages\django\db\models\sql\query.py", line 1708, in _add_q
    child_clause, needed_inner = self.build_filter(
                                 ^^^^^^^^^^^^^^^^^^
  File "D:\software\pythono312\Lib\site-packages\django\db\models\sql\query.py", line 1618, in build_filter
    condition = self.build_lookup(lookups, col, value)
                ^^^^^^^^^^^^^^^^^^^^^^^^^^^^^^^^^^^^^^
  File "D:\software\pythono312\Lib\site-packages\django\db\models\sql\query.py", line 1445, in build_lookup
    lookup = lookup_class(lhs, rhs)
             ^^^^^^^^^^^^^^^^^^^^^^
  File "D:\software\pythono312\Lib\site-packages\django\db\models\lookups.py", line 35, in __init__
    self.rhs = self.get_prep_lookup()
               ^^^^^^^^^^^^^^^^^^^^^^
  File "D:\software\pythono312\Lib\site-packages\django\db\models\lookups.py", line 391, in get_prep_lookup
    return super().get_prep_lookup()
           ^^^^^^^^^^^^^^^^^^^^^^^^^
  File "D:\software\pythono312\Lib\site-packages\django\db\models\lookups.py", line 93, in get_prep_lookup
    return self.lhs.output_field.get_prep_value(self.rhs)
           ^^^^^^^^^^^^^^^^^^^^^^^^^^^^^^^^^^^^^^^^^^^^^^
  File "D:\software\pythono312\Lib\site-packages\django\db\models\fields\__init__.py", line 2130, in get_prep_value
    raise e.__class__(
ValueError: Field 'floor' expected a number but got 'undefined'.
ERROR 2026-05-06 16:39:37,768 log 17348 12864 "GET /tcourse/recate/?floor=undefined HTTP/1.1" 500 22807
INFO 2026-05-06 16:40:30,459 log 17348 12864 "OPTIONS /tcourse/detail/7 HTTP/1.1" 200 0
INFO 2026-05-06 16:40:30,483 log 17348 6000 "GET /tcourse/nav/ HTTP/1.1" 200 190
INFO 2026-05-06 16:40:30,579 log 17348 12864 "GET /tcourse/detail/7 HTTP/1.1" 200 4101
INFO 2026-05-06 16:40:33,793 log 17348 12864 "POST /tcourse/cart/ HTTP/1.1" 200 42
INFO 2026-05-06 16:40:49,552 log 17348 12864 "GET /tcourse/nav/ HTTP/1.1" 200 190
INFO 2026-05-06 16:40:49,622 log 17348 12864 "GET /tcourse/detail/1 HTTP/1.1" 200 853
INFO 2026-05-06 16:40:51,121 log 17348 12864 "POST /tcourse/cart/ HTTP/1.1" 200 45
INFO 2026-05-06 16:41:28,336 log 17348 12864 "GET /tcourse/nav/ HTTP/1.1" 200 190
INFO 2026-05-06 16:41:31,013 log 17348 12864 "GET /tcourse/nav/ HTTP/1.1" 200 190
INFO 2026-05-06 16:41:48,944 log 17348 12864 "GET /tcourse/nav/ HTTP/1.1" 200 190
INFO 2026-05-06 16:44:31,324 log 17348 6000 "OPTIONS /tcourse/cart/?user_id=1 HTTP/1.1" 200 0
INFO 2026-05-06 16:44:31,326 log 17348 12864 "GET /tcourse/nav/ HTTP/1.1" 200 190
INFO 2026-05-06 16:44:31,341 log 17348 6000 "GET /tcourse/cart/?user_id=1 HTTP/1.1" 200 432
INFO 2026-05-06 16:44:47,238 log 17348 20312 "OPTIONS /cart/toggle/ HTTP/1.1" 200 0
WARNING 2026-05-06 16:44:47,273 log 17348 20312 Not Found: /cart/toggle/
WARNING 2026-05-06 16:44:47,275 log 17348 20312 "POST /cart/toggle/ HTTP/1.1" 404 3751
WARNING 2026-05-06 16:44:48,526 log 17348 20312 Not Found: /cart/toggle/
WARNING 2026-05-06 16:44:48,534 log 17348 20312 "POST /cart/toggle/ HTTP/1.1" 404 3751
INFO 2026-05-06 16:45:19,798 log 17348 6000 "GET /tcourse/nav/ HTTP/1.1" 200 190
INFO 2026-05-06 16:45:19,814 log 17348 12864 "GET /tcourse/cart/?user_id=1 HTTP/1.1" 200 432
INFO 2026-05-06 16:45:42,886 log 17348 12864 "GET /tcourse/nav/ HTTP/1.1" 200 190
INFO 2026-05-06 16:45:42,898 log 17348 6000 "GET /tcourse/cart/?user_id=1 HTTP/1.1" 200 432
INFO 2026-05-06 16:46:17,796 log 17348 6000 "OPTIONS /tcourse/cartdel/ HTTP/1.1" 200 0
INFO 2026-05-06 16:46:17,803 log 17348 6000 "POST /tcourse/cartdel/ HTTP/1.1" 200 48
INFO 2026-05-06 16:46:20,592 log 17348 6000 "POST /tcourse/cartdel/ HTTP/1.1" 200 48
INFO 2026-05-06 16:46:48,587 log 17348 6000 "GET /tcourse/nav/ HTTP/1.1" 200 190
INFO 2026-05-06 16:46:48,588 log 17348 12864 "GET /tcourse/cart/?user_id=1 HTTP/1.1" 200 432
INFO 2026-05-06 16:46:57,095 log 17348 6000 "GET /tcourse/cart/?user_id=1 HTTP/1.1" 200 432
INFO 2026-05-06 16:46:57,096 log 17348 12864 "GET /tcourse/nav/ HTTP/1.1" 200 190
INFO 2026-05-06 16:47:04,986 log 17348 12864 "POST /tcourse/cartdel/ HTTP/1.1" 200 33
INFO 2026-05-06 16:47:04,992 log 17348 12864 "GET /tcourse/cart/?user_id=1 HTTP/1.1" 200 306
INFO 2026-05-06 16:48:55,427 log 17348 12864 "GET /tcourse/nav/ HTTP/1.1" 200 190
INFO 2026-05-06 16:48:55,427 log 17348 6000 "GET /tcourse/cart/?user_id=1 HTTP/1.1" 200 306
INFO 2026-05-06 16:48:59,697 log 17348 6000 "GET /tcourse/nav/ HTTP/1.1" 200 190
INFO 2026-05-06 16:48:59,697 log 17348 12864 "GET /tcourse/cart/?user_id=1 HTTP/1.1" 200 306
INFO 2026-05-06 16:51:41,051 log 17348 7676 "OPTIONS /cart/select/ HTTP/1.1" 200 0
WARNING 2026-05-06 16:51:41,065 log 17348 7676 Not Found: /cart/select/
WARNING 2026-05-06 16:51:41,085 log 17348 7676 "POST /cart/select/ HTTP/1.1" 404 3751
WARNING 2026-05-06 16:51:42,780 log 17348 7676 Not Found: /cart/select/
WARNING 2026-05-06 16:51:42,783 log 17348 7676 "POST /cart/select/ HTTP/1.1" 404 3751
INFO 2026-05-06 17:11:03,536 log 17348 18660 "OPTIONS /tcourse/allcourses/?page=1&page_size=10&top_category=all&order=-studentCount&feetype=all HTTP/1.1" 200 0
INFO 2026-05-06 17:11:03,545 log 17348 20772 "OPTIONS /tcourse/allcate/ HTTP/1.1" 200 0
INFO 2026-05-06 17:11:03,744 log 17348 18660 "GET /tcourse/nav/ HTTP/1.1" 200 190
INFO 2026-05-06 17:11:03,847 log 17348 20328 "GET /tcourse/allcate/ HTTP/1.1" 200 161
INFO 2026-05-06 17:11:03,930 log 17348 20772 "GET /tcourse/allcourses/?page=1&page_size=10&top_category=all&order=-studentCount&feetype=all HTTP/1.1" 200 2849
INFO 2026-05-06 17:11:04,560 log 17348 16772 "GET /upload/upload/course/88_B8zLf3L.png HTTP/1.1" 200 46456
INFO 2026-05-06 17:11:04,592 log 17348 712 "GET /upload/upload/course/22_O58sZXm.png HTTP/1.1" 200 65821
INFO 2026-05-06 17:11:04,616 log 17348 4196 "GET /upload/upload/course/77_sJ0UlBQ.png HTTP/1.1" 200 60667
INFO 2026-05-06 17:11:04,637 log 17348 19508 "GET /upload/upload/course/11_i66v7LB.png HTTP/1.1" 200 40421
INFO 2026-05-06 17:11:04,638 log 17348 3532 "GET /upload/upload/course/66.png HTTP/1.1" 200 44283
INFO 2026-05-06 17:11:16,497 log 17348 20772 "GET /tcourse/nav/ HTTP/1.1" 200 190
INFO 2026-05-06 17:11:16,513 log 17348 18660 "GET /tcourse/allcate/ HTTP/1.1" 200 161
INFO 2026-05-06 17:11:16,574 log 17348 20328 "GET /tcourse/allcourses/?page=1&page_size=10&top_category=all&order=-studentCount&feetype=all HTTP/1.1" 200 2849
INFO 2026-05-06 17:11:28,494 log 17348 20328 "OPTIONS /tcourse/detail/9 HTTP/1.1" 200 0
INFO 2026-05-06 17:11:28,500 log 17348 18660 "GET /tcourse/nav/ HTTP/1.1" 200 190
INFO 2026-05-06 17:11:28,565 log 17348 20328 "GET /tcourse/detail/9 HTTP/1.1" 200 2415
INFO 2026-05-06 17:11:28,906 log 17348 19508 "GET /upload/upload/teacher/3.png HTTP/1.1" 200 554882
INFO 2026-05-06 17:11:32,075 log 17348 20328 "POST /tcourse/cart/ HTTP/1.1" 200 42
INFO 2026-05-06 17:12:52,273 log 17348 20328 "POST /tcourse/cart/ HTTP/1.1" 200 45
INFO 2026-05-06 17:13:27,798 log 17348 20328 "POST /tcourse/cart/ HTTP/1.1" 200 45
INFO 2026-05-06 17:21:00,911 log 17348 3788 "GET /tcourse/nav/ HTTP/1.1" 200 190
INFO 2026-05-06 17:21:00,997 log 17348 476 "GET /tcourse/cart/?user_id=1 HTTP/1.1" 200 419
